<?xml version="1.0" encoding="UTF-8"?>
<!-- Generated by org.testng.reporters.JUnitReportReporter -->
<testsuite hostname="DESKTOP-ACARL6V" failures="0" tests="2" name="com.herokuapp.theinternet.NegativeTests" time="75.851" errors="0" timestamp="2020-10-02T10:17:08 IST" skipped="0">
  <testcase classname="com.herokuapp.theinternet.NegativeTests" name="incorrectusernametest" time="34.186"/>
  <system-out/>
  <testcase classname="com.herokuapp.theinternet.NegativeTests" name="incorrectpasswordtest" time="41.665"/>
  <system-out/>
</testsuite> <!-- com.herokuapp.theinternet.NegativeTests -->
