<?xml version="1.0" encoding="UTF-8"?>
<!-- Generated by org.testng.reporters.JUnitReportReporter -->
<testsuite hostname="DESKTOP-ACARL6V" failures="0" tests="1" name="com.herokuapp.theinternet.PositiveTests" time="40.013" errors="0" timestamp="2020-10-02T10:17:08 IST" skipped="0">
  <testcase classname="com.herokuapp.theinternet.PositiveTests" name="loginTest" time="40.013"/>
  <system-out/>
</testsuite> <!-- com.herokuapp.theinternet.PositiveTests -->
