<?xml version="1.0" encoding="UTF-8"?>
<!-- Generated by org.testng.reporters.JUnitReportReporter -->
<testsuite hostname="DESKTOP-ACARL6V" failures="0" tests="1" name="com.herokuapp.theinternet.PositiveTests" time="39.565" errors="0" timestamp="2020-01-08T11:24:16 IST" skipped="0">
  <testcase classname="com.herokuapp.theinternet.PositiveTests" name="loginTest" time="39.565"/>
  <system-out/>
</testsuite> <!-- com.herokuapp.theinternet.PositiveTests -->
