<?xml version="1.0" encoding="UTF-8"?>
<!-- Generated by org.testng.reporters.JUnitReportReporter -->
<testsuite hostname="DESKTOP-ACARL6V" failures="0" tests="2" name="com.herokuapp.theinternet.NegativeTests" time="86.047" errors="0" timestamp="2020-01-08T11:24:16 IST" skipped="0">
  <testcase classname="com.herokuapp.theinternet.NegativeTests" name="incorrectpasswordtest" time="46.957"/>
  <system-out/>
  <testcase classname="com.herokuapp.theinternet.NegativeTests" name="incorrectusernametest" time="39.090"/>
  <system-out/>
</testsuite> <!-- com.herokuapp.theinternet.NegativeTests -->
